<?xml version="1.0" encoding="UTF-8"?>
<testng-results skipped="0" failed="1" ignored="0" total="6" passed="5">
  <reporter-output>
  </reporter-output>
  <suite name="Default suite" duration-ms="13177" started-at="2020-10-03T10:24:45 EDT" finished-at="2020-10-03T10:24:58 EDT">
    <groups>
    </groups>
    <test name="Default test" duration-ms="13177" started-at="2020-10-03T10:24:45 EDT" finished-at="2020-10-03T10:24:58 EDT">
      <class name="ActionItem9302020">
        <test-method status="PASS" signature="openbrowser()[pri:0, instance:ActionItem9302020@a7e666]" name="openbrowser" is-config="true" duration-ms="9016" started-at="2020-10-03T10:24:45 EDT" finished-at="2020-10-03T10:24:54 EDT">
          <reporter-output>
          </reporter-output>
        </test-method> <!-- openbrowser -->
        <test-method status="PASS" signature="register()[pri:1, instance:ActionItem9302020@a7e666]" name="register" duration-ms="885" started-at="2020-10-03T10:24:54 EDT" finished-at="2020-10-03T10:24:55 EDT">
          <reporter-output>
          </reporter-output>
        </test-method> <!-- register -->
        <test-method status="PASS" signature="EnterInformation(java.lang.String, java.lang.String, java.lang.String, java.lang.String)[pri:2, instance:ActionItem9302020@a7e666]" name="EnterInformation" duration-ms="631" started-at="2020-10-03T10:24:55 EDT" data-provider="reginfo" finished-at="2020-10-03T10:24:55 EDT">
          <params>
            <param index="0">
              <value>
                <![CDATA[ProSmartMohammed]]>
              </value>
            </param>
            <param index="1">
              <value>
                <![CDATA[mohammed@prosmart.com]]>
              </value>
            </param>
            <param index="2">
              <value>
                <![CDATA[thepasswordisPassword@]]>
              </value>
            </param>
            <param index="3">
              <value>
                <![CDATA[thepasswordisPassword@]]>
              </value>
            </param>
          </params>
          <reporter-output>
          </reporter-output>
        </test-method> <!-- EnterInformation -->
        <test-method status="PASS" signature="search()[pri:3, instance:ActionItem9302020@a7e666]" name="search" duration-ms="928" started-at="2020-10-03T10:24:55 EDT" finished-at="2020-10-03T10:24:56 EDT">
          <reporter-output>
          </reporter-output>
        </test-method> <!-- search -->
        <test-method status="PASS" signature="scoll()[pri:4, instance:ActionItem9302020@a7e666]" name="scoll" duration-ms="29" started-at="2020-10-03T10:24:56 EDT" finished-at="2020-10-03T10:24:56 EDT">
          <reporter-output>
          </reporter-output>
        </test-method> <!-- scoll -->
        <test-method status="FAIL" signature="screenshot()[pri:5, instance:ActionItem9302020@a7e666]" name="screenshot" duration-ms="1001" started-at="2020-10-03T10:24:56 EDT" finished-at="2020-10-03T10:24:57 EDT">
          <exception class="java.io.FileNotFoundException">
            <message>
              <![CDATA[C:\eclipse\screenshots\teamviewer.png (The system cannot find the path specified)]]>
            </message>
            <full-stacktrace>
              <![CDATA[java.io.FileNotFoundException: C:\eclipse\screenshots\teamviewer.png (The system cannot find the path specified)
at java.io.FileOutputStream.open0(Native Method)
at java.io.FileOutputStream.open(Unknown Source)
at java.io.FileOutputStream.<init>(Unknown Source)
at java.io.FileOutputStream.<init>(Unknown Source)
at org.openqa.selenium.io.FileHandler.copyFile(FileHandler.java:138)
at org.openqa.selenium.io.FileHandler.copy(FileHandler.java:117)
at ActionItem9302020.screenshot(ActionItem9302020.java:82)
at sun.reflect.NativeMethodAccessorImpl.invoke0(Native Method)
at sun.reflect.NativeMethodAccessorImpl.invoke(Unknown Source)
at sun.reflect.DelegatingMethodAccessorImpl.invoke(Unknown Source)
at java.lang.reflect.Method.invoke(Unknown Source)
at org.testng.internal.MethodInvocationHelper.invokeMethod(MethodInvocationHelper.java:132)
at org.testng.internal.TestInvoker.invokeMethod(TestInvoker.java:599)
at org.testng.internal.TestInvoker.invokeTestMethod(TestInvoker.java:174)
at org.testng.internal.MethodRunner.runInSequence(MethodRunner.java:46)
at org.testng.internal.TestInvoker$MethodInvocationAgent.invoke(TestInvoker.java:822)
at org.testng.internal.TestInvoker.invokeTestMethods(TestInvoker.java:147)
at org.testng.internal.TestMethodWorker.invokeTestMethods(TestMethodWorker.java:146)
at org.testng.internal.TestMethodWorker.run(TestMethodWorker.java:128)
at java.util.ArrayList.forEach(Unknown Source)
at org.testng.TestRunner.privateRun(TestRunner.java:764)
at org.testng.TestRunner.run(TestRunner.java:585)
at org.testng.SuiteRunner.runTest(SuiteRunner.java:384)
at org.testng.SuiteRunner.runSequentially(SuiteRunner.java:378)
at org.testng.SuiteRunner.privateRun(SuiteRunner.java:337)
at org.testng.SuiteRunner.run(SuiteRunner.java:286)
at org.testng.SuiteRunnerWorker.runSuite(SuiteRunnerWorker.java:53)
at org.testng.SuiteRunnerWorker.run(SuiteRunnerWorker.java:96)
at org.testng.TestNG.runSuitesSequentially(TestNG.java:1218)
at org.testng.TestNG.runSuitesLocally(TestNG.java:1140)
at org.testng.TestNG.runSuites(TestNG.java:1069)
at org.testng.TestNG.run(TestNG.java:1037)
at org.testng.remote.AbstractRemoteTestNG.run(AbstractRemoteTestNG.java:115)
at org.testng.remote.RemoteTestNG.initAndRun(RemoteTestNG.java:251)
at org.testng.remote.RemoteTestNG.main(RemoteTestNG.java:77)
]]>
            </full-stacktrace>
          </exception> <!-- java.io.FileNotFoundException -->
          <reporter-output>
          </reporter-output>
        </test-method> <!-- screenshot -->
        <test-method status="PASS" signature="hiddenLinksAndImages()[pri:6, instance:ActionItem9302020@a7e666]" name="hiddenLinksAndImages" duration-ms="520" started-at="2020-10-03T10:24:57 EDT" finished-at="2020-10-03T10:24:58 EDT">
          <reporter-output>
          </reporter-output>
        </test-method> <!-- hiddenLinksAndImages -->
        <test-method status="PASS" signature="close()[pri:0, instance:ActionItem9302020@a7e666]" name="close" is-config="true" duration-ms="121" started-at="2020-10-03T10:24:58 EDT" finished-at="2020-10-03T10:24:58 EDT">
          <reporter-output>
          </reporter-output>
        </test-method> <!-- close -->
      </class> <!-- ActionItem9302020 -->
    </test> <!-- Default test -->
  </suite> <!-- Default suite -->
</testng-results>
